# JRE version: OpenJDK Runtime Environment (8.0_202-b03) (build 1.8.0_202-release-1483-b03)
# Java VM: OpenJDK 64-Bit Server VM (25.202-b03 mixed mode windows-amd64 compressed oops)
Heap:
 PSYoungGen      total 332288K, used 331981K [0x00000000e0000000, 0x00000000f8f80000, 0x0000000100000000)
  eden space 297984K, 100% used [0x00000000e0000000,0x00000000f2300000,0x00000000f2300000)
  from space 34304K, 99% used [0x00000000f6e00000,0x00000000f8f33460,0x00000000f8f80000)
  to   space 47104K, 71% used [0x00000000f3380000,0x00000000f5478710,0x00000000f6180000)
 ParOldGen       total 525824K, used 58961K [0x00000000a0000000, 0x00000000c0180000, 0x00000000e0000000)
  object space 525824K, 11% used [0x00000000a0000000,0x00000000a3994510,0x00000000c0180000)
 Metaspace       used 87385K, capacity 91354K, committed 91560K, reserved 1128448K
  class space    used 11551K, capacity 12349K, committed 12456K, reserved 1048576K
GC Heap History (10 events):
Event: 5.746 GC heap after
Heap after GC invocations=9 (full 3):
 PSYoungGen      total 279552K, used 0K [0x00000000e0000000, 0x00000000f3400000, 0x0000000100000000)
  eden space 258048K, 0% used [0x00000000e0000000,0x00000000e0000000,0x00000000efc00000)
  from space 21504K, 0% used [0x00000000f1300000,0x00000000f1300000,0x00000000f2800000)
  to   space 23552K, 0% used [0x00000000efc00000,0x00000000efc00000,0x00000000f1300000)
 ParOldGen       total 525824K, used 35724K [0x00000000a0000000, 0x00000000c0180000, 0x00000000e0000000)
  object space 525824K, 6% used [0x00000000a0000000,0x00000000a22e3380,0x00000000c0180000)
 Metaspace       used 57355K, capacity 59042K, committed 59160K, reserved 1099776K
  class space    used 7826K, capacity 8287K, committed 8360K, reserved 1048576K
}
Event: 8.760 GC heap before
{Heap before GC invocations=10 (full 3):
 PSYoungGen      total 279552K, used 258048K [0x00000000e0000000, 0x00000000f3400000, 0x0000000100000000)
  eden space 258048K, 100% used [0x00000000e0000000,0x00000000efc00000,0x00000000efc00000)
  from space 21504K, 0% used [0x00000000f1300000,0x00000000f1300000,0x00000000f2800000)
  to   space 23552K, 0% used [0x00000000efc00000,0x00000000efc00000,0x00000000f1300000)
 ParOldGen       total 525824K, used 35724K [0x00000000a0000000, 0x00000000c0180000, 0x00000000e0000000)
  object space 525824K, 6% used [0x00000000a0000000,0x00000000a22e3380,0x00000000c0180000)
 Metaspace       used 64855K, capacity 67240K, committed 67496K, reserved 1107968K
  class space    used 8807K, capacity 9340K, committed 9384K, reserved 1048576K
Event: 8.777 GC heap after
Heap after GC invocations=10 (full 3):
 PSYoungGen      total 281600K, used 23537K [0x00000000e0000000, 0x00000000f6800000, 0x0000000100000000)
  eden space 258048K, 0% used [0x00000000e0000000,0x00000000e0000000,0x00000000efc00000)
  from space 23552K, 99% used [0x00000000efc00000,0x00000000f12fc498,0x00000000f1300000)
  to   space 28160K, 0% used [0x00000000f4c80000,0x00000000f4c80000,0x00000000f6800000)
 ParOldGen       total 525824K, used 39240K [0x00000000a0000000, 0x00000000c0180000, 0x00000000e0000000)
  object space 525824K, 7% used [0x00000000a0000000,0x00000000a2652110,0x00000000c0180000)
 Metaspace       used 64855K, capacity 67240K, committed 67496K, reserved 1107968K
  class space    used 8807K, capacity 9340K, committed 9384K, reserved 1048576K
}
Event: 19.713 GC heap before
{Heap before GC invocations=11 (full 3):
 PSYoungGen      total 281600K, used 281585K [0x00000000e0000000, 0x00000000f6800000, 0x0000000100000000)
  eden space 258048K, 100% used [0x00000000e0000000,0x00000000efc00000,0x00000000efc00000)
  from space 23552K, 99% used [0x00000000efc00000,0x00000000f12fc498,0x00000000f1300000)
  to   space 28160K, 0% used [0x00000000f4c80000,0x00000000f4c80000,0x00000000f6800000)
 ParOldGen       total 525824K, used 39240K [0x00000000a0000000, 0x00000000c0180000, 0x00000000e0000000)
  object space 525824K, 7% used [0x00000000a0000000,0x00000000a2652110,0x00000000c0180000)
 Metaspace       used 79981K, capacity 83504K, committed 83752K, reserved 1122304K
  class space    used 11018K, capacity 11730K, committed 11816K, reserved 1048576K
Event: 19.740 GC heap after
Heap after GC invocations=11 (full 3):
 PSYoungGen      total 331776K, used 28145K [0x00000000e0000000, 0x00000000f7100000, 0x0000000100000000)
  eden space 303616K, 0% used [0x00000000e0000000,0x00000000e0000000,0x00000000f2880000)
  from space 28160K, 99% used [0x00000000f4c80000,0x00000000f67fc6a0,0x00000000f6800000)
  to   space 36864K, 0% used [0x00000000f2880000,0x00000000f2880000,0x00000000f4c80000)
 ParOldGen       total 525824K, used 51620K [0x00000000a0000000, 0x00000000c0180000, 0x00000000e0000000)
  object space 525824K, 9% used [0x00000000a0000000,0x00000000a32690b8,0x00000000c0180000)
 Metaspace       used 79981K, capacity 83504K, committed 83752K, reserved 1122304K
  class space    used 11018K, capacity 11730K, committed 11816K, reserved 1048576K
}
Event: 155.687 GC heap before
{Heap before GC invocations=12 (full 3):
 PSYoungGen      total 331776K, used 331761K [0x00000000e0000000, 0x00000000f7100000, 0x0000000100000000)
  eden space 303616K, 100% used [0x00000000e0000000,0x00000000f2880000,0x00000000f2880000)
  from space 28160K, 99% used [0x00000000f4c80000,0x00000000f67fc6a0,0x00000000f6800000)
  to   space 36864K, 0% used [0x00000000f2880000,0x00000000f2880000,0x00000000f4c80000)
 ParOldGen       total 525824K, used 51620K [0x00000000a0000000, 0x00000000c0180000, 0x00000000e0000000)
  object space 525824K, 9% used [0x00000000a0000000,0x00000000a32690b8,0x00000000c0180000)
 Metaspace       used 85624K, capacity 89398K, committed 89640K, reserved 1126400K
  class space    used 11509K, capacity 12279K, committed 12328K, reserved 1048576K
Event: 155.725 GC heap after
Heap after GC invocations=12 (full 3):
 PSYoungGen      total 340480K, used 36853K [0x00000000e0000000, 0x00000000f9a00000, 0x0000000100000000)
  eden space 303616K, 0% used [0x00000000e0000000,0x00000000e0000000,0x00000000f2880000)
  from space 36864K, 99% used [0x00000000f2880000,0x00000000f4c7d440,0x00000000f4c80000)
  to   space 45056K, 0% used [0x00000000f6e00000,0x00000000f6e00000,0x00000000f9a00000)
 ParOldGen       total 525824K, used 58945K [0x00000000a0000000, 0x00000000c0180000, 0x00000000e0000000)
  object space 525824K, 11% used [0x00000000a0000000,0x00000000a3990510,0x00000000c0180000)
 Metaspace       used 85624K, capacity 89398K, committed 89640K, reserved 1126400K
  class space    used 11509K, capacity 12279K, committed 12328K, reserved 1048576K
}
Event: 975.262 GC heap before
{Heap before GC invocations=13 (full 3):
 PSYoungGen      total 340480K, used 340469K [0x00000000e0000000, 0x00000000f9a00000, 0x0000000100000000)
  eden space 303616K, 100% used [0x00000000e0000000,0x00000000f2880000,0x00000000f2880000)
  from space 36864K, 99% used [0x00000000f2880000,0x00000000f4c7d440,0x00000000f4c80000)
  to   space 45056K, 0% used [0x00000000f6e00000,0x00000000f6e00000,0x00000000f9a00000)
 ParOldGen       total 525824K, used 58945K [0x00000000a0000000, 0x00000000c0180000, 0x00000000e0000000)
  object space 525824K, 11% used [0x00000000a0000000,0x00000000a3990510,0x00000000c0180000)
 Metaspace       used 86711K, capacity 90598K, committed 90664K, reserved 1128448K
  class space    used 11530K, capacity 12311K, committed 12328K, reserved 1048576K
Event: 975.290 GC heap after
Heap after GC invocations=13 (full 3):
 PSYoungGen      total 332288K, used 33997K [0x00000000e0000000, 0x00000000f8f80000, 0x0000000100000000)
  eden space 297984K, 0% used [0x00000000e0000000,0x00000000e0000000,0x00000000f2300000)
  from space 34304K, 99% used [0x00000000f6e00000,0x00000000f8f33460,0x00000000f8f80000)
  to   space 47104K, 0% used [0x00000000f3380000,0x00000000f3380000,0x00000000f6180000)
 ParOldGen       total 525824K, used 58953K [0x00000000a0000000, 0x00000000c0180000, 0x00000000e0000000)
  object space 525824K, 11% used [0x00000000a0000000,0x00000000a3992510,0x00000000c0180000)
 Metaspace       used 86711K, capacity 90598K, committed 90664K, reserved 1128448K
  class space    used 11530K, capacity 12311K, committed 12328K, reserved 1048576K
}
Event: 3709.644 GC heap before
{Heap before GC invocations=14 (full 3):
 PSYoungGen      total 332288K, used 331981K [0x00000000e0000000, 0x00000000f8f80000, 0x0000000100000000)
  eden space 297984K, 100% used [0x00000000e0000000,0x00000000f2300000,0x00000000f2300000)
  from space 34304K, 99% used [0x00000000f6e00000,0x00000000f8f33460,0x00000000f8f80000)
  to   space 47104K, 0% used [0x00000000f3380000,0x00000000f3380000,0x00000000f6180000)
 ParOldGen       total 525824K, used 58953K [0x00000000a0000000, 0x00000000c0180000, 0x00000000e0000000)
  object space 525824K, 11% used [0x00000000a0000000,0x00000000a3992510,0x00000000c0180000)
 Metaspace       used 87385K, capacity 91354K, committed 91560K, reserved 1128448K
  class space    used 11551K, capacity 12349K, committed 12456K, reserved 1048576K

